[2026-02-14 12:05:57] TURBO Scanner starting. 1085 phrases, 6 workers, 3 APIs
[2026-02-14 12:05:57] APIs: blockstream, mempool, blockcypher
[2026-02-14 12:05:57] Resuming from index 0, 0 checked, 0 hits
[2026-02-14 12:05:57] [1/1085] 'password' -> 63 mutations (6 threads)
[2026-02-14 12:06:04]   ** HIT ** 'Password' -> 1F1mazRFEUxE1X4dcugxdf2TWRMVp2cMLL (6 txs, 0.00111947 BTC)
[2026-02-14 12:06:07]   ** HIT ** 'Password1' -> 1xMW3S2yGtN6qKKGjXgkZtgBsh29ByLfS (39091 txs, 0.28054000 BTC)
[2026-02-14 12:06:07]   ** HIT ** 'Password1' -> 1HxpS6pvVGqukE52muDpSTXJ1bxU3WYyhs (4 txs, 0.00110000 BTC)
[2026-02-14 12:06:08]   ** HIT ** 'Password123' -> 1CZMi7F5F3gq7e67SjJTFsoTZuj1ms5fqm (2 txs, 0.00010000 BTC)
[2026-02-14 12:06:14]   ** HIT ** 'password' -> 16ga2uqnF1NqpAuQeeg7sTCAdtDUwDyJav (45026 txs, 0.35662458 BTC)
[2026-02-14 12:06:14]   ** HIT ** 'password' -> 16qVRutZ7rZuPx7NMtapvZorWYjyaME2Ue (197 txs, 0.50174043 BTC)
[2026-02-14 12:06:17]   ** HIT ** 'password1' -> 19VAb9zAhpWLaWfEuqw9HXup2zaNoNPPyE (46270 txs, 0.28362982 BTC)
[2026-02-14 12:06:18]   ** HIT ** 'password123' -> 1oo9WfSHL75VZm4JtUivRcav5dH3gJcQM (2 txs, 0.00006000 BTC)
[2026-02-14 12:06:18]   ** HIT ** 'password123' -> 1GSJgoqTGUpA6w8ow1NZA41eZpPXTX4VgR (2 txs, 0.00001166 BTC)
[2026-02-14 12:06:27]   Done. +63 checked, +9 hits. Total: 63 checked, 9 hits
[2026-02-14 12:06:27] [2/1085] '123456' -> 22 mutations (6 threads)
[2026-02-14 12:06:29]   ** HIT ** '123456' -> 1565qkBbLcuFP78f7MFKkK8jtHGDwdSgvX (10 txs, 0.00178480 BTC)
[2026-02-14 12:06:53]   Done. +22 checked, +1 hits. Total: 85 checked, 10 hits
[2026-02-14 12:06:53] [3/1085] '12345678' -> 22 mutations (6 threads)
[2026-02-14 12:07:03]   ** HIT ** '12345678' -> 174Qm7g95BxXtVJvhGJ3cjdGLPgnSkuJHu (2 txs, 0.00020000 BTC)
[2026-02-14 12:07:31]   Done. +22 checked, +1 hits. Total: 107 checked, 11 hits
[2026-02-14 12:07:31] [4/1085] 'qwerty' -> 60 mutations (6 threads)
[2026-02-14 12:08:44]   ** HIT ** 'qwerty' -> 1M8gvPDG58RvoLb1prNF8svWUb3vT3md5a (4 txs, 0.00080000 BTC)
[2026-02-14 12:09:18]   Done. +60 checked, +1 hits. Total: 167 checked, 12 hits
[2026-02-14 12:09:18] [5/1085] 'abc123' -> 60 mutations (6 threads)
[2026-02-14 12:10:32]   ** HIT ** 'abc123' -> 1LG1ibbDtSWpL3UiKKvzspZTce2n7tLpNg (2 txs, 0.00010000 BTC)
[2026-02-14 12:11:22]   Done. +60 checked, +1 hits. Total: 227 checked, 13 hits
[2026-02-14 12:11:22] [6/1085] 'monkey' -> 60 mutations (6 threads)
[2026-02-14 12:13:06]   Done. +60 checked, +0 hits. Total: 287 checked, 13 hits
[2026-02-14 12:13:06] [7/1085] '1234567' -> 22 mutations (6 threads)
[2026-02-14 12:13:21]   ** HIT ** '1234567' -> 1B96DTqj2GNFm5VGDfLGyCoZtDFvqWHjG7 (4 txs, 0.00032923 BTC)
[2026-02-14 12:13:56]   Done. +22 checked, +1 hits. Total: 309 checked, 14 hits
[2026-02-14 12:13:56] [8/1085] 'letmein' -> 63 mutations (6 threads)
[2026-02-14 12:15:37] Shutdown signal received. Finishing current batch...
